<?xml version="1.0" encoding="UTF-8"?>
<testng-results skipped="0" failed="0" ignored="0" total="2" passed="2">
  <reporter-output>
  </reporter-output>
  <suite name="Default suite" duration-ms="44931" started-at="2022-10-20T16:00:47 IST" finished-at="2022-10-20T16:01:32 IST">
    <groups>
    </groups>
    <test name="Default test" duration-ms="44931" started-at="2022-10-20T16:00:47 IST" finished-at="2022-10-20T16:01:32 IST">
      <class name="com.example.demo.AadharAdmin">
        <test-method status="PASS" signature="ChromeBrowser()[pri:0, instance:com.example.demo.AadharAdmin@587d1d39]" name="ChromeBrowser" duration-ms="20651" started-at="2022-10-20T16:00:47 IST" finished-at="2022-10-20T16:01:07 IST">
          <reporter-output>
          </reporter-output>
        </test-method> <!-- ChromeBrowser -->
        <test-method status="PASS" signature="TestHome()[pri:0, instance:com.example.demo.AadharAdmin@587d1d39]" name="TestHome" duration-ms="24239" started-at="2022-10-20T16:01:07 IST" finished-at="2022-10-20T16:01:32 IST">
          <reporter-output>
          </reporter-output>
        </test-method> <!-- TestHome -->
      </class> <!-- com.example.demo.AadharAdmin -->
    </test> <!-- Default test -->
  </suite> <!-- Default suite -->
</testng-results>
